2025-04-03 18:24:51 - Manually decompressed file: Assignment - 5.pdf
2025-04-03 18:24:54 - Compressed file: Assignment - 5.pdf
2025-04-03 18:24:59 - Manually compressed file: Assignment - 5.pdf
2025-04-03 18:25:13 - Manually decompressed file: Assignment - 5.pdf
2025-04-03 18:25:15 - Compressed file: Assignment - 5.pdf
2025-04-03 18:25:17 - Manually compressed file: Assignment - 5.pdf
2025-04-03 18:25:20 - Manually decompressed file: Assignment - 5.pdf
2025-04-03 18:25:24 - Manually compressed file: Assignment - 5.pdf
2025-04-03 18:25:38 - Manually decompressed file: Assignment - 5.pdf
2025-04-03 18:25:49 - Manually compressed file: Assignment - 5.pdf
2025-04-03 21:14:27 - Manually decompressed file: Assignment - 5.pdf.gz
2025-04-03 21:14:33 - Manually decompressed file: Assignment - 5.pdf.gz
2025-04-03 21:14:38 - Manually compressed file: Assignment - 5.pdf.gz
2025-04-03 21:14:45 - Manually decompressed file: Assignment - 5.pdf.gz
2025-04-03 21:14:49 - Manually decompressed file: Assignment - 5.pdf.gz
2025-04-03 21:17:29 - Manually decompressed file: Assignment - 5.pdf
2025-04-03 21:17:31 - Compressed file: Assignment - 5.pdf
2025-04-03 21:17:37 - Manually compressed file: Assignment - 5.pdf
2025-04-03 21:17:40 - Manually compressed file: Assignment - 5.pdf
2025-04-03 21:17:43 - Manually decompressed file: Assignment - 5.pdf
2025-04-03 21:17:46 - Compressed file: Assignment - 5.pdf
2025-04-03 21:17:46 - Manually compressed file: Assignment - 5.pdf
2025-04-03 21:17:49 - Manually decompressed file: Assignment - 5.pdf
2025-04-03 21:17:53 - Manually compressed file: Assignment - 5.pdf
2025-04-03 21:18:04 - Manually decompressed file: Assignment - 5.pdf
2025-04-03 21:18:12 - Manually decompressed file: Assignment - 5.pdf
2025-04-03 21:18:16 - Manually compressed file: Assignment - 5.pdf
2025-04-03 21:24:10 - Uploaded and compressed file: An_Introduction_to_Gradient_Descent_and_Backpropagation.pdf
2025-04-03 21:24:10 - Compressed file: An_Introduction_to_Gradient_Descent_and_Backpropagation.pdf
2025-04-03 21:24:10 - Compressed file: An_Introduction_to_Gradient_Descent_and_Backpropagation.pdf
2025-04-03 21:24:52 - Manually decompressed file: An_Introduction_to_Gradient_Descent_and_Backpropagation.pdf
2025-04-03 21:24:55 - Compressed and moved file: An_Introduction_to_Gradient_Descent_and_Backpropagation.pdf
2025-04-03 21:25:43 - Manually decompressed file: An_Introduction_to_Gradient_Descent_and_Backpropagation.pdf
2025-04-03 21:25:45 - Compressed and moved file: An_Introduction_to_Gradient_Descent_and_Backpropagation.pdf
2025-04-03 21:26:39 - Compressed file: An_Introduction_to_Gradient_Descent_and_Backpropagation.pdf
2025-04-03 21:26:43 - Compressed file: An_Introduction_to_Gradient_Descent_and_Backpropagation.pdf
2025-04-03 21:27:27 - Compressed file: An_Introduction_to_Gradient_Descent_and_Backpropagation.pdf
2025-04-03 21:27:38 - Compressed file: An_Introduction_to_Gradient_Descent_and_Backpropagation.pdf
2025-04-03 21:27:38 - Compressed file: An_Introduction_to_Gradient_Descent_and_Backpropagation.pdf
2025-04-03 21:28:28 - Manually decompressed file: An_Introduction_to_Gradient_Descent_and_Backpropagation.pdf
2025-04-03 21:28:28 - Compressed and moved file: An_Introduction_to_Gradient_Descent_and_Backpropagation.pdf
2025-04-03 21:28:53 - Manually decompressed file: An_Introduction_to_Gradient_Descent_and_Backpropagation.pdf
2025-04-03 21:28:53 - Compressed and moved file: An_Introduction_to_Gradient_Descent_and_Backpropagation.pdf
2025-04-03 21:28:53 - Compressed and moved file: An_Introduction_to_Gradient_Descent_and_Backpropagation.pdf
2025-04-03 21:29:06 - Manually decompressed file: An_Introduction_to_Gradient_Descent_and_Backpropagation.pdf
2025-04-03 21:29:09 - Compressed and moved file: An_Introduction_to_Gradient_Descent_and_Backpropagation.pdf
2025-04-03 21:31:21 - Failed to decompress file: An_Introduction_to_Gradient_Descent_and_Backpropagation.pdf.gz
2025-04-03 21:31:27 - Failed to decompress file: An_Introduction_to_Gradient_Descent_and_Backpropagation.pdf.gz
2025-04-03 21:31:38 - Failed to decompress file: An_Introduction_to_Gradient_Descent_and_Backpropagation.pdf.gz.gz
2025-04-03 21:31:49 - Manually decompressed file: An_Introduction_to_Gradient_Descent_and_Backpropagation.pdf and removed compressed file.
2025-04-03 21:31:51 - Compressed and moved file: An_Introduction_to_Gradient_Descent_and_Backpropagation.pdf
2025-04-03 21:32:01 - Manually decompressed file: An_Introduction_to_Gradient_Descent_and_Backpropagation.pdf and removed compressed file.
2025-04-03 21:32:02 - Compressed and moved file: An_Introduction_to_Gradient_Descent_and_Backpropagation.pdf
2025-04-03 21:32:02 - Compressed and moved file: An_Introduction_to_Gradient_Descent_and_Backpropagation.pdf
2025-04-03 21:32:04 - Manually decompressed file: An_Introduction_to_Gradient_Descent_and_Backpropagation.pdf and removed compressed file.
2025-04-03 21:32:07 - Compressed and moved file: An_Introduction_to_Gradient_Descent_and_Backpropagation.pdf
2025-04-03 21:32:07 - Manually decompressed file: An_Introduction_to_Gradient_Descent_and_Backpropagation.pdf and removed compressed file.
2025-04-03 21:32:12 - Compressed and moved file: An_Introduction_to_Gradient_Descent_and_Backpropagation.pdf
2025-04-03 21:35:35 - Manually decompressed file: An_Introduction_to_Gradient_Descent_and_Backpropagation.pdf and removed compressed file.
2025-04-03 21:35:56 - Compressed file: An_Introduction_to_Gradient_Descent_and_Backpropagation.pdf
2025-04-03 21:35:57 - Compressed file: An_Introduction_to_Gradient_Descent_and_Backpropagation.pdf
2025-04-03 21:38:31 - Compressed and removed original file: An_Introduction_to_Gradient_Descent_and_Backpropagation.pdf
2025-04-03 21:39:03 - Manually decompressed file: An_Introduction_to_Gradient_Descent_and_Backpropagation.pdf and removed compressed file.
2025-04-03 21:39:41 - Compressed and removed original file: An_Introduction_to_Gradient_Descent_and_Backpropagation.pdf
2025-04-03 21:40:05 - Uploaded, compressed, and removed original file: b_gradient_descent.pdf
2025-04-03 21:41:03 - Manually compressed file: An_Introduction_to_Gradient_Descent_and_Backpropagation.pdf.gz
2025-04-03 21:44:27 - Decompressed file: b_gradient_descent.pdf
2025-04-03 21:44:27 - Manually decompressed file: b_gradient_descent.pdf and removed compressed file.
2025-04-03 21:44:46 - Compressed and removed original file: b_gradient_descent.pdf
2025-04-03 21:45:01 - Manually compressed file: b_gradient_descent.pdf
2025-04-03 21:45:04 - Decompressed file: b_gradient_descent.pdf
2025-04-03 21:45:04 - Manually decompressed file: b_gradient_descent.pdf and removed compressed file.
2025-04-03 21:45:32 - Decompressed file: Assignment - 5.pdf
2025-04-03 21:45:32 - Manually decompressed file: Assignment - 5.pdf and removed compressed file.
2025-04-03 21:45:56 - Uploaded, compressed, and removed original file: b_gradient_descent.pdf
2025-04-03 21:46:09 - Uploaded, compressed, and removed original file: Assignment_-_5.pdf
2025-04-10 19:38:28 - Decompressed file: An_Introduction_to_Gradient_Descent_and_Backpropagation.pdf
2025-04-10 19:38:28 - Manually decompressed file: An_Introduction_to_Gradient_Descent_and_Backpropagation.pdf and removed compressed file.
2025-04-10 19:40:30 - Compressed and removed original file: An_Introduction_to_Gradient_Descent_and_Backpropagation.pdf
2025-05-18 12:15:42 - Compressed and removed original file: An_Introduction_to_Gradient_Descent_and_Backpropagation.pdf.gz
2025-05-18 12:15:42 - Compressed and removed original file: Assignment_-_5.pdf.gz
2025-05-18 12:15:42 - Compressed and removed original file: b_gradient_descent.pdf.gz
2025-05-18 12:16:05 - Uploaded, compressed, and removed original file: Web_DAmisha.pdf
2025-05-18 12:17:07 - Failed to decompress file: Web_DAmisha.pdf.rle.cmp
2025-05-18 12:17:15 - Decompressed file: Web_DAmisha.pdf using rle
2025-05-18 12:17:15 - Manually decompressed file: Web_DAmisha.pdf and removed compressed file.
2025-05-20 20:09:01 - Failed to remove original file 50.pdf: [WinError 32] The process cannot access the file because it is being used by another process: 'data\\50.pdf'
2025-05-20 20:09:06 - Failed to remove original file 50.pdf: [WinError 32] The process cannot access the file because it is being used by another process: 'data\\50.pdf'
2025-05-20 20:12:03 - Uploaded, compressed, and removed original file: 50.pdf
2025-05-20 20:12:11 - Uploaded, compressed, and removed original file: 50.pdf
2025-05-20 20:12:30 - Uploaded, compressed, and removed original file: 50.pdf
2025-05-20 20:12:56 - Uploaded, compressed, and removed original file: 50.pdf
2025-05-20 20:13:03 - Uploaded, compressed, and removed original file: 50.pdf
2025-05-20 20:13:16 - Decompressed file: 50.pdf using rle
2025-05-20 20:13:16 - Manually decompressed file: 50.pdf and removed compressed file.
2025-05-20 20:19:05 - Uploaded, compressed, and removed original file: Project_Progress_Temp-GEHU_1.docx
2025-05-20 20:19:40 - Failed to decompress file: 50.pdf
2025-05-20 20:19:46 - Decompressed file: 50.pdf using delta
2025-05-20 20:19:46 - Manually decompressed file: 50.pdf and removed compressed file.
2025-05-20 20:45:03 - Failed to remove original file Project_Progress_Temp-GEHU_1.docx: [WinError 32] The process cannot access the file because it is being used by another process: 'data\\Project_Progress_Temp-GEHU_1.docx'
2025-05-20 20:48:33 - Compressed and removed original file: Project_Progress_Temp-GEHU_1.docx
2025-05-20 20:48:37 - Uploaded, compressed, and removed original file: Project_Progress_Temp-GEHU_1.docx
2025-05-20 20:48:45 - Uploaded, compressed, and removed original file: Project_Progress_Temp-GEHU_1.docx
2025-05-20 20:48:49 - Uploaded, compressed, and removed original file: Project_Progress_Temp-GEHU_1.docx
2025-06-23 08:56:36 - Uploaded, compressed, and removed original file: VGG19.pdf
2025-06-23 08:57:56 - Uploaded, compressed, and removed original file: Bridging_the_Gap_of_Lane_Detection_Performance_Between_Different_Datasets_Unified_Viewpoint_Transformation.pdf
2025-06-23 08:58:11 - Failed to remove original file Bridging_the_Gap_of_Lane_Detection_Performance_Between_Different_Datasets_Unified_Viewpoint_Transformation.pdf: [WinError 32] The process cannot access the file because it is being used by another process: 'data\\Bridging_the_Gap_of_Lane_Detection_Performance_Between_Different_Datasets_Unified_Viewpoint_Transformation.pdf'
2025-06-23 08:58:12 - Failed to remove original file Bridging_the_Gap_of_Lane_Detection_Performance_Between_Different_Datasets_Unified_Viewpoint_Transformation.pdf: [WinError 32] The process cannot access the file because it is being used by another process: 'data\\Bridging_the_Gap_of_Lane_Detection_Performance_Between_Different_Datasets_Unified_Viewpoint_Transformation.pdf'
2025-06-23 08:58:13 - Compressed and removed original file: Bridging_the_Gap_of_Lane_Detection_Performance_Between_Different_Datasets_Unified_Viewpoint_Transformation.pdf
2025-06-23 09:00:51 - Uploaded, compressed, and removed original file: WhatsApp_Video_2025-06-05_at_3.06.23_PM_1.mp4
2025-06-23 09:01:00 - Failed to remove original file WhatsApp_Video_2025-06-05_at_3.06.23_PM_1.mp4: [WinError 32] The process cannot access the file because it is being used by another process: 'data\\WhatsApp_Video_2025-06-05_at_3.06.23_PM_1.mp4'
2025-06-23 09:01:00 - Compressed and removed original file: WhatsApp_Video_2025-06-05_at_3.06.23_PM_1.mp4
2025-06-23 09:01:07 - Failed to remove original file WhatsApp_Video_2025-06-05_at_3.06.23_PM_1.mp4: [WinError 32] The process cannot access the file because it is being used by another process: 'data\\WhatsApp_Video_2025-06-05_at_3.06.23_PM_1.mp4'
2025-06-23 09:01:13 - Uploaded, compressed, and removed original file: WhatsApp_Video_2025-06-05_at_3.06.23_PM_1.mp4
2025-06-23 09:01:18 - Uploaded, compressed, and removed original file: WhatsApp_Video_2025-06-05_at_3.06.23_PM_1.mp4
2025-06-23 09:01:22 - Uploaded, compressed, and removed original file: WhatsApp_Video_2025-06-05_at_3.06.23_PM_1.mp4
2025-06-23 09:06:11 - Uploaded, compressed, and removed original file: WhatsApp_Video_2025-06-05_at_3.06.23_PM_1.mp4
2025-06-23 09:07:02 - Uploaded, compressed, and removed original file: WhatsApp_Video_2025-06-05_at_3.06.23_PM_1.mp4
